[1;35m[WARNING]: Collection community.docker does not support Ansible version 2.13.13[0m

PLAY [Destroy] *****************************************************************

TASK [Set async_dir for HOME env] **********************************************
[32mok: [localhost][0m

TASK [Destroy molecule instance(s)] ********************************************
[33mchanged: [localhost] => (item=postgres-master)[0m
[33mchanged: [localhost] => (item=postgres-replica1)[0m

TASK [Wait for instance(s) deletion to complete] *******************************
[32mok: [localhost] => (item=postgres-master)[0m
[32mok: [localhost] => (item=postgres-replica1)[0m

TASK [Delete docker networks(s)] ***********************************************
[36mincluded: /home/vagrant/.local/lib/python3.8/site-packages/molecule_docker/playbooks/tasks/delete_network.yml for localhost => (item=network)[0m
[36mincluded: /home/vagrant/.local/lib/python3.8/site-packages/molecule_docker/playbooks/tasks/delete_network.yml for localhost => (item=network)[0m

TASK [Retrieve network info] ***************************************************
[32mok: [localhost][0m

TASK [Delete docker network(s)] ************************************************
[36mskipping: [localhost][0m

TASK [Retrieve network info] ***************************************************
[32mok: [localhost][0m

TASK [Delete docker network(s)] ************************************************
[36mskipping: [localhost][0m

PLAY RECAP *********************************************************************
[33mlocalhost[0m                  : [32mok=7   [0m [33mchanged=1   [0m unreachable=0    failed=0    [36mskipped=2   [0m rescued=0    ignored=0


playbook: /home/vagrant/postgresql/molecule/default/converge.yml
[1;35m[WARNING]: Collection community.docker does not support Ansible version 2.13.13[0m
[1;35m[WARNING]: Collection ansible.posix does not support Ansible version 2.13.13[0m

PLAY [Create] ******************************************************************

TASK [Set async_dir for HOME env] **********************************************
[32mok: [localhost][0m

TASK [Log into a Docker registry] **********************************************
[36mskipping: [localhost] => (item=None) [0m
[36mskipping: [localhost] => (item=None) [0m
[36mskipping: [localhost][0m

TASK [Check presence of custom Dockerfiles] ************************************
[32mok: [localhost] => (item={'command': '/lib/systemd/systemd', 'env': {'postgres_role': 'master'}, 'hostname': 'postgres-master', 'image': 'geerlingguy/docker-debian11-ansible:latest', 'name': 'postgres-master', 'networks': [{'name': 'network'}], 'privileged': True, 'published_ports': ['5432:5432'], 'volumes': ['/sys/fs/cgroup:/sys/fs/cgroup:ro']})[0m
[32mok: [localhost] => (item={'command': '/lib/systemd/systemd', 'env': {'postgres_role': 'replica'}, 'hostname': 'postgres-replica1', 'image': 'geerlingguy/docker-debian11-ansible:latest', 'name': 'postgres-replica1', 'networks': [{'name': 'network'}], 'privileged': True, 'published_ports': ['5433:5432'], 'volumes': ['/sys/fs/cgroup:/sys/fs/cgroup:ro']})[0m

TASK [Create Dockerfiles from image names] *************************************
[33mchanged: [localhost] => (item={'command': '/lib/systemd/systemd', 'env': {'postgres_role': 'master'}, 'hostname': 'postgres-master', 'image': 'geerlingguy/docker-debian11-ansible:latest', 'name': 'postgres-master', 'networks': [{'name': 'network'}], 'privileged': True, 'published_ports': ['5432:5432'], 'volumes': ['/sys/fs/cgroup:/sys/fs/cgroup:ro']})[0m
[33mchanged: [localhost] => (item={'command': '/lib/systemd/systemd', 'env': {'postgres_role': 'replica'}, 'hostname': 'postgres-replica1', 'image': 'geerlingguy/docker-debian11-ansible:latest', 'name': 'postgres-replica1', 'networks': [{'name': 'network'}], 'privileged': True, 'published_ports': ['5433:5432'], 'volumes': ['/sys/fs/cgroup:/sys/fs/cgroup:ro']})[0m

TASK [Synchronization the context] *********************************************

Aborted!
